\BOOKMARK [-1][-]{part.1}{\376\377\000I\000\040\000L\000i\000b\000r\000o\000\040\000I}{}% 1
\BOOKMARK [0][-]{definition.1.1}{}{part.1}% 2
\BOOKMARK [0][-]{definition.1.2}{}{part.1}% 3
\BOOKMARK [0][-]{definition.1.3}{}{part.1}% 4
\BOOKMARK [0][-]{definition.1.4}{}{part.1}% 5
\BOOKMARK [0][-]{definition.1.5}{}{part.1}% 6
\BOOKMARK [0][-]{definition.1.6}{}{part.1}% 7
\BOOKMARK [0][-]{definition.1.7}{}{part.1}% 8
\BOOKMARK [0][-]{definition.1.8}{}{part.1}% 9
\BOOKMARK [0][-]{definition.1.9}{}{part.1}% 10
\BOOKMARK [0][-]{definition.1.10}{}{part.1}% 11
\BOOKMARK [0][-]{definition.1.11}{}{part.1}% 12
\BOOKMARK [0][-]{definition.1.12}{}{part.1}% 13
\BOOKMARK [0][-]{definition.1.13}{}{part.1}% 14
\BOOKMARK [0][-]{definition.1.14}{}{part.1}% 15
\BOOKMARK [0][-]{definition.1.15}{}{part.1}% 16
\BOOKMARK [0][-]{definition.1.16}{}{part.1}% 17
\BOOKMARK [0][-]{definition.1.17}{}{part.1}% 18
\BOOKMARK [0][-]{definition.1.18}{}{part.1}% 19
\BOOKMARK [0][-]{definition.1.19}{}{part.1}% 20
\BOOKMARK [0][-]{definition.1.20}{}{part.1}% 21
\BOOKMARK [0][-]{definition.1.21}{}{part.1}% 22
\BOOKMARK [0][-]{definition.1.22}{}{part.1}% 23
\BOOKMARK [0][-]{definition.1.23}{}{part.1}% 24
\BOOKMARK [0][-]{definition.1.24}{}{part.1}% 25
\BOOKMARK [0][-]{definition.1.25}{}{part.1}% 26
\BOOKMARK [0][-]{definition.1.26}{}{part.1}% 27
\BOOKMARK [0][-]{definition.1.27}{}{part.1}% 28
\BOOKMARK [0][-]{definition.1.28}{}{part.1}% 29
\BOOKMARK [0][-]{definition.1.29}{}{part.1}% 30
\BOOKMARK [0][-]{definition.1.30}{}{part.1}% 31
\BOOKMARK [0][-]{definition.1.31}{}{part.1}% 32
\BOOKMARK [0][-]{definition.1.32}{}{part.1}% 33
\BOOKMARK [0][-]{definition.1.33}{}{part.1}% 34
\BOOKMARK [0][-]{definition.1.34}{}{part.1}% 35
\BOOKMARK [0][-]{definition.1.35}{}{part.1}% 36
\BOOKMARK [0][-]{postulate.1.1}{}{part.1}% 37
\BOOKMARK [0][-]{postulate.1.2}{}{part.1}% 38
\BOOKMARK [0][-]{postulate.1.3}{}{part.1}% 39
\BOOKMARK [0][-]{axiom.1.1}{}{part.1}% 40
\BOOKMARK [0][-]{axiom.1.2}{}{part.1}% 41
\BOOKMARK [0][-]{axiom.1.3}{}{part.1}% 42
\BOOKMARK [0][-]{axiom.1.4}{}{part.1}% 43
\BOOKMARK [0][-]{axiom.1.5}{}{part.1}% 44
\BOOKMARK [0][-]{axiom.1.6}{}{part.1}% 45
\BOOKMARK [0][-]{axiom.1.7}{}{part.1}% 46
\BOOKMARK [0][-]{axiom.1.8}{}{part.1}% 47
\BOOKMARK [0][-]{axiom.1.9}{}{part.1}% 48
\BOOKMARK [0][-]{axiom.1.10}{}{part.1}% 49
\BOOKMARK [0][-]{axiom.1.11}{}{part.1}% 50
\BOOKMARK [0][-]{axiom.1.12}{}{part.1}% 51
\BOOKMARK [0][-]{proposition.1.1}{\376\377\000P\000r\000o\000p\000.\000\040\000I\000.\000\040\000P\000r\000o\000b\000.}{part.1}% 52
\BOOKMARK [0][-]{proposition.1.2}{\376\377\000P\000r\000o\000p\000.\000\040\000I\000I\000.\000\040\000P\000r\000o\000b\000.}{part.1}% 53
\BOOKMARK [0][-]{proposition.1.3}{\376\377\000P\000r\000o\000p\000.\000\040\000I\000I\000I\000.\000\040\000P\000r\000o\000b\000.}{part.1}% 54
\BOOKMARK [0][-]{proposition.1.4}{\376\377\000P\000r\000o\000p\000.\000\040\000I\000V\000.\000\040\000T\000h\000e\000o\000r\000.}{part.1}% 55
\BOOKMARK [0][-]{proposition.1.5}{\376\377\000P\000r\000o\000p\000.\000\040\000V\000.\000\040\000T\000h\000e\000o\000r\000.}{part.1}% 56
\BOOKMARK [0][-]{proposition.1.6}{\376\377\000P\000r\000o\000p\000\040\000V\000I\000.\000\040\000T\000h\000e\000o\000r\000.}{part.1}% 57
\BOOKMARK [0][-]{proposition.1.7}{\376\377\000P\000r\000o\000p\000\040\000V\000I\000I\000.\000\040\000T\000h\000e\000o\000r\000.}{part.1}% 58
\BOOKMARK [0][-]{proposition.1.8}{\376\377\000P\000r\000o\000p\000\040\000V\000I\000I\000I\000.\000\040\000T\000h\000e\000o\000r\000.}{part.1}% 59
\BOOKMARK [0][-]{proposition.1.9}{\376\377\000P\000r\000o\000p\000\040\000I\000X\000.\000\040\000P\000r\000o\000b\000.}{part.1}% 60
\BOOKMARK [0][-]{proposition.1.10}{\376\377\000P\000r\000o\000p\000\040\000X\000.\000\040\000P\000r\000o\000b\000.}{part.1}% 61
\BOOKMARK [0][-]{proposition.1.11}{\376\377\000P\000r\000o\000p\000\040\000X\000I\000.\000\040\000P\000r\000o\000b\000.}{part.1}% 62
\BOOKMARK [0][-]{proposition.1.12}{\376\377\000P\000r\000o\000p\000\040\000X\000I\000I\000.\000\040\000P\000r\000o\000b\000.}{part.1}% 63
\BOOKMARK [0][-]{proposition.1.13}{\376\377\000P\000r\000o\000p\000\040\000X\000I\000I\000I\000.\000\040\000T\000h\000e\000o\000r\000.}{part.1}% 64
\BOOKMARK [0][-]{proposition.1.14}{\376\377\000P\000r\000o\000p\000\040\000X\000I\000V\000.\000\040\000T\000h\000e\000o\000r\000.}{part.1}% 65
\BOOKMARK [0][-]{proposition.1.15}{\376\377\000P\000r\000o\000p\000\040\000X\000V\000.\000\040\000T\000h\000e\000o\000r\000.}{part.1}% 66
\BOOKMARK [0][-]{proposition.1.16}{\376\377\000P\000r\000o\000p\000\040\000X\000V\000I\000.\000\040\000T\000h\000e\000o\000r\000.}{part.1}% 67
\BOOKMARK [0][-]{proposition.1.17}{\376\377\000P\000r\000o\000p\000\040\000X\000V\000I\000I\000.\000\040\000T\000h\000e\000o\000r\000.}{part.1}% 68
\BOOKMARK [0][-]{proposition.1.18}{\376\377\000P\000r\000o\000p\000\040\000X\000V\000I\000I\000I\000.\000\040\000T\000h\000e\000o\000r\000.}{part.1}% 69
\BOOKMARK [0][-]{proposition.1.19}{\376\377\000P\000r\000o\000p\000\040\000X\000I\000X\000.\000\040\000T\000h\000e\000o\000r\000.}{part.1}% 70
\BOOKMARK [0][-]{proposition.1.20}{\376\377\000P\000r\000o\000p\000\040\000X\000X\000.\000\040\000T\000h\000e\000o\000r\000.}{part.1}% 71
\BOOKMARK [0][-]{proposition.1.21}{\376\377\000P\000r\000o\000p\000\040\000X\000X\000I\000.\000\040\000T\000h\000e\000o\000r\000.}{part.1}% 72
\BOOKMARK [0][-]{proposition.1.22}{\376\377\000P\000r\000o\000p\000\040\000X\000X\000I\000I\000.\000\040\000P\000r\000o\000b\000.}{part.1}% 73
\BOOKMARK [0][-]{proposition.1.23}{\376\377\000P\000r\000o\000p\000\040\000X\000X\000I\000I\000I\000.\000\040\000P\000r\000o\000b\000.}{part.1}% 74
\BOOKMARK [0][-]{proposition.1.24}{\376\377\000P\000r\000o\000p\000\040\000X\000X\000I\000V\000.\000\040\000T\000h\000e\000o\000r\000.}{part.1}% 75
\BOOKMARK [0][-]{proposition.1.25}{\376\377\000P\000r\000o\000p\000\040\000X\000X\000V\000.\000\040\000T\000h\000e\000o\000r\000.}{part.1}% 76
\BOOKMARK [0][-]{proposition.1.26}{\376\377\000P\000r\000o\000p\000\040\000X\000X\000V\000I\000.\000\040\000T\000h\000e\000o\000r\000.}{part.1}% 77
\BOOKMARK [0][-]{subproposition.1.26.1}{\376\377\000C\000a\000s\000e\000\040\000I\000.}{part.1}% 78
\BOOKMARK [0][-]{subproposition.1.26.2}{\376\377\000C\000a\000s\000e\000\040\000I\000I\000.}{part.1}% 79
\BOOKMARK [0][-]{proposition.1.27}{\376\377\000P\000r\000o\000p\000\040\000X\000X\000V\000I\000I\000.\000\040\000T\000h\000e\000o\000r\000.}{part.1}% 80
\BOOKMARK [0][-]{proposition.1.28}{\376\377\000P\000r\000o\000p\000\040\000X\000X\000V\000I\000I\000I\000.\000\040\000T\000h\000e\000o\000r\000.}{part.1}% 81
\BOOKMARK [0][-]{proposition.1.29}{\376\377\000P\000r\000o\000p\000\040\000X\000X\000I\000X\000.\000\040\000T\000h\000e\000o\000r\000.}{part.1}% 82
\BOOKMARK [0][-]{proposition.1.30}{\376\377\000P\000r\000o\000p\000\040\000X\000X\000X\000.\000\040\000T\000h\000e\000o\000r\000.}{part.1}% 83
\BOOKMARK [0][-]{proposition.1.31}{\376\377\000P\000r\000o\000p\000\040\000X\000X\000X\000I\000.\000\040\000P\000r\000o\000b\000.}{part.1}% 84
\BOOKMARK [0][-]{proposition.1.32}{\376\377\000P\000r\000o\000p\000\040\000X\000X\000X\000I\000I\000.\000\040\000T\000h\000e\000o\000r\000.}{part.1}% 85
\BOOKMARK [0][-]{proposition.1.33}{\376\377\000P\000r\000o\000p\000\040\000X\000X\000X\000I\000I\000I\000.\000\040\000T\000h\000e\000o\000r\000.}{part.1}% 86
\BOOKMARK [0][-]{proposition.1.34}{\376\377\000P\000r\000o\000p\000\040\000X\000X\000X\000I\000V\000.\000\040\000T\000h\000e\000o\000r\000.}{part.1}% 87
\BOOKMARK [0][-]{proposition.1.35}{\376\377\000P\000r\000o\000p\000\040\000X\000X\000X\000V\000.\000\040\000T\000h\000e\000o\000r\000.}{part.1}% 88
\BOOKMARK [0][-]{proposition.1.36}{\376\377\000P\000r\000o\000p\000\040\000X\000X\000X\000V\000I\000.\000\040\000T\000h\000e\000o\000r\000.}{part.1}% 89
\BOOKMARK [0][-]{proposition.1.37}{\376\377\000P\000r\000o\000p\000\040\000X\000X\000X\000V\000I\000I\000.\000\040\000T\000h\000e\000o\000r\000.}{part.1}% 90
\BOOKMARK [0][-]{proposition.1.38}{\376\377\000P\000r\000o\000p\000\040\000X\000X\000X\000V\000I\000I\000I\000.\000\040\000T\000h\000e\000o\000r\000.}{part.1}% 91
\BOOKMARK [0][-]{proposition.1.39}{\376\377\000P\000r\000o\000p\000\040\000X\000X\000X\000I\000X\000.\000\040\000T\000h\000e\000o\000r\000.}{part.1}% 92
\BOOKMARK [0][-]{proposition.1.40}{\376\377\000P\000r\000o\000p\000\040\000X\000L\000.\000\040\000T\000h\000e\000o\000r\000.}{part.1}% 93
\BOOKMARK [0][-]{proposition.1.41}{\376\377\000P\000r\000o\000p\000\040\000X\000L\000I\000.\000\040\000T\000h\000e\000o\000r\000.}{part.1}% 94
\BOOKMARK [0][-]{proposition.1.42}{\376\377\000P\000r\000o\000p\000\040\000X\000L\000I\000I\000.\000\040\000P\000r\000o\000b\000.}{part.1}% 95
\BOOKMARK [0][-]{proposition.1.43}{\376\377\000P\000r\000o\000p\000\040\000X\000L\000I\000I\000I\000.\000\040\000T\000h\000e\000o\000r\000.}{part.1}% 96
\BOOKMARK [0][-]{proposition.1.44}{\376\377\000P\000r\000o\000p\000\040\000X\000L\000I\000V\000.\000\040\000P\000r\000o\000b\000.}{part.1}% 97
\BOOKMARK [0][-]{proposition.1.45}{\376\377\000P\000r\000o\000p\000\040\000X\000L\000V\000.\000\040\000P\000r\000o\000b\000.}{part.1}% 98
\BOOKMARK [0][-]{proposition.1.46}{\376\377\000P\000r\000o\000p\000\040\000X\000L\000V\000I\000.\000\040\000P\000r\000o\000b\000.}{part.1}% 99
\BOOKMARK [0][-]{proposition.1.47}{\376\377\000P\000r\000o\000p\000\040\000X\000L\000V\000I\000I\000.\000\040\000T\000h\000e\000o\000r\000.}{part.1}% 100
\BOOKMARK [0][-]{proposition.1.48}{\376\377\000P\000r\000o\000p\000\040\000X\000L\000V\000I\000I\000I\000.\000\040\000T\000h\000e\000o\000r\000.}{part.1}% 101
