\BOOKMARK [-1][-]{part.1}{\376\377\000I\000\040\000L\000i\000b\000r\000o\000\040\000I}{}% 1
\BOOKMARK [0][-]{definition.1.1}{}{part.1}% 2
\BOOKMARK [0][-]{definition.1.2}{}{part.1}% 3
\BOOKMARK [0][-]{definition.1.3}{}{part.1}% 4
\BOOKMARK [0][-]{definition.1.4}{}{part.1}% 5
\BOOKMARK [0][-]{definition.1.5}{}{part.1}% 6
\BOOKMARK [0][-]{definition.1.6}{}{part.1}% 7
\BOOKMARK [0][-]{definition.1.7}{}{part.1}% 8
\BOOKMARK [0][-]{definition.1.8}{}{part.1}% 9
\BOOKMARK [0][-]{definition.1.9}{}{part.1}% 10
\BOOKMARK [0][-]{definition.1.10}{}{part.1}% 11
\BOOKMARK [0][-]{definition.1.11}{}{part.1}% 12
\BOOKMARK [0][-]{definition.1.12}{}{part.1}% 13
\BOOKMARK [0][-]{definition.1.13}{}{part.1}% 14
\BOOKMARK [0][-]{definition.1.14}{}{part.1}% 15
\BOOKMARK [0][-]{definition.1.15}{}{part.1}% 16
\BOOKMARK [0][-]{definition.1.16}{}{part.1}% 17
\BOOKMARK [0][-]{definition.1.17}{}{part.1}% 18
\BOOKMARK [0][-]{definition.1.18}{}{part.1}% 19
\BOOKMARK [0][-]{definition.1.19}{}{part.1}% 20
\BOOKMARK [0][-]{definition.1.20}{}{part.1}% 21
\BOOKMARK [0][-]{definition.1.21}{}{part.1}% 22
\BOOKMARK [0][-]{definition.1.22}{}{part.1}% 23
\BOOKMARK [0][-]{definition.1.23}{}{part.1}% 24
\BOOKMARK [0][-]{definition.1.24}{}{part.1}% 25
\BOOKMARK [0][-]{definition.1.25}{}{part.1}% 26
\BOOKMARK [0][-]{definition.1.26}{}{part.1}% 27
\BOOKMARK [0][-]{definition.1.27}{}{part.1}% 28
\BOOKMARK [0][-]{definition.1.28}{}{part.1}% 29
\BOOKMARK [0][-]{definition.1.29}{}{part.1}% 30
\BOOKMARK [0][-]{definition.1.30}{}{part.1}% 31
\BOOKMARK [0][-]{definition.1.31}{}{part.1}% 32
\BOOKMARK [0][-]{definition.1.32}{}{part.1}% 33
\BOOKMARK [0][-]{definition.1.33}{}{part.1}% 34
\BOOKMARK [0][-]{definition.1.34}{}{part.1}% 35
\BOOKMARK [0][-]{definition.1.35}{}{part.1}% 36
\BOOKMARK [0][-]{postulate.1.1}{}{part.1}% 37
\BOOKMARK [0][-]{postulate.1.2}{}{part.1}% 38
\BOOKMARK [0][-]{postulate.1.3}{}{part.1}% 39
\BOOKMARK [0][-]{axiom.1.1}{}{part.1}% 40
\BOOKMARK [0][-]{axiom.1.2}{}{part.1}% 41
\BOOKMARK [0][-]{axiom.1.3}{}{part.1}% 42
\BOOKMARK [0][-]{axiom.1.4}{}{part.1}% 43
\BOOKMARK [0][-]{axiom.1.5}{}{part.1}% 44
\BOOKMARK [0][-]{axiom.1.6}{}{part.1}% 45
\BOOKMARK [0][-]{axiom.1.7}{}{part.1}% 46
\BOOKMARK [0][-]{axiom.1.8}{}{part.1}% 47
\BOOKMARK [0][-]{axiom.1.9}{}{part.1}% 48
\BOOKMARK [0][-]{axiom.1.10}{}{part.1}% 49
\BOOKMARK [0][-]{axiom.1.11}{}{part.1}% 50
\BOOKMARK [0][-]{axiom.1.12}{}{part.1}% 51
\BOOKMARK [0][-]{proposition.1.1}{\376\377\000P\000r\000o\000p\000.\000\040\000I\000.\000\040\000P\000r\000o\000b\000.}{part.1}% 52
\BOOKMARK [0][-]{proposition.1.2}{\376\377\000P\000r\000o\000p\000.\000\040\000I\000I\000.\000\040\000P\000r\000o\000b\000.}{part.1}% 53
\BOOKMARK [0][-]{proposition.1.3}{\376\377\000P\000r\000o\000p\000.\000\040\000I\000I\000I\000.\000\040\000P\000r\000o\000b\000.}{part.1}% 54
\BOOKMARK [0][-]{proposition.1.4}{\376\377\000P\000r\000o\000p\000.\000\040\000I\000V\000.\000\040\000T\000h\000e\000o\000r\000.}{part.1}% 55
\BOOKMARK [0][-]{proposition.1.5}{\376\377\000P\000r\000o\000p\000.\000\040\000V\000.\000\040\000T\000h\000e\000o\000r\000.}{part.1}% 56
\BOOKMARK [0][-]{proposition.1.6}{\376\377\000P\000r\000o\000p\000\040\000V\000I\000.\000\040\000T\000h\000e\000o\000r\000.}{part.1}% 57
\BOOKMARK [0][-]{proposition.1.7}{\376\377\000P\000r\000o\000p\000\040\000V\000I\000I\000.\000\040\000T\000h\000e\000o\000r\000.}{part.1}% 58
\BOOKMARK [0][-]{proposition.1.8}{\376\377\000P\000r\000o\000p\000\040\000V\000I\000I\000I\000.\000\040\000T\000h\000e\000o\000r\000.}{part.1}% 59
\BOOKMARK [0][-]{proposition.1.9}{\376\377\000P\000r\000o\000p\000\040\000I\000X\000.\000\040\000P\000r\000o\000b\000.}{part.1}% 60
\BOOKMARK [0][-]{proposition.1.10}{\376\377\000P\000r\000o\000p\000\040\000X\000.\000\040\000P\000r\000o\000b\000.}{part.1}% 61
\BOOKMARK [0][-]{proposition.1.11}{\376\377\000P\000r\000o\000p\000\040\000X\000I\000.\000\040\000P\000r\000o\000b\000.}{part.1}% 62
\BOOKMARK [0][-]{proposition.1.12}{\376\377\000P\000r\000o\000p\000\040\000X\000I\000I\000.\000\040\000P\000r\000o\000b\000.}{part.1}% 63
\BOOKMARK [0][-]{proposition.1.13}{\376\377\000P\