\BOOKMARK [-1][-]{part.1}{\376\377\000I\000\040\000L\000i\000b\000r\000o\000\040\000I}{}% 1
\BOOKMARK [0][-]{definition.1.1}{}{part.1}% 2
\BOOKMARK [0][-]{definition.1.2}{}{part.1}% 3
\BOOKMARK [0][-]{definition.1.3}{}{part.1}% 4
\BOOKMARK [0][-]{definition.1.4}{}{part.1}% 5
\BOOKMARK [0][-]{definition.1.5}{}{part.1}% 6
\BOOKMARK [0][-]{definition.1.6}{}{part.1}% 7
\BOOKMARK [0][-]{definition.1.7}{}{part.1}% 8
\BOOKMARK [0][-]{definition.1.8}{}{part.1}% 9
\BOOKMARK [0][-]{definition.1.9}{}{part.1}% 10
\BOOKMARK [0][-]{definition.1.10}{}{part.1}% 11
\BOOKMARK [0][-]{definition.1.11}{}{part.1}% 12
\BOOKMARK [0][-]{definition.1.12}{}{part.1}% 13
\BOOKMARK [0][-]{definition.1.13}{}{part.1}% 14
\BOOKMARK [0][-]{definition.1.14}{}{part.1}% 15
\BOOKMARK [0][-]{definition.1.15}{}{part.1}% 16
\BOOKMARK [0][-]{definition.1.16}{}{part.1}% 17
\BOOKMARK [0][-]{definition.1.17}{}{part.1}% 18
\BOOKMARK [0][-]{definition.1.18}{}{part.1}% 19
\BOOKMARK [0][-]{definition.1.19}{}{part.1}% 20
\BOOKMARK [0][-]{definition.1.20}{}{part.1}% 21
\BOOKMARK [0][-]{definition.1.21}{}{part.1}% 22
\BOOKMARK [0][-]{definition.1.22}{}{part.1}% 23
\BOOKMARK [0][-]{definition.1.23}{}{part.1}% 24
\BOOKMARK [0][-]{definition.1.24}{}{part.1}% 25
\BOOKMARK [0][-]{definition.1.25}{}{part.1}% 26
\BOOKMARK [0][-]{definition.1.26}{}{part.1}% 27
\BOOKMARK [0][-]{definition.1.27}{}{part.1}% 28
\BOOKMARK [0][-]{definition.1.28}{}{part.1}% 29
\BOOKMARK [0][-]{definition.1.29}{}{part.1}% 30
\BOOKMARK [0][-]{definition.1.30}{}{part.1}% 31
\BOOKMARK [0][-]{definition.1.31}{}{part.1}% 32
\BOOKMARK [0][-]{definition.1.32}{}{part.1}% 33
\BOOKMARK [0][-]{definition.1.33}{}{part.1}% 34
\BOOKMARK [0][-]{definition.1.34}{}{part.1}% 35
\BOOKMARK [0][-]{definition.1.35}{}{part.1}% 36
\BOOKMARK [0][-]{postulate.1.1}{}{part.1}% 37
\BOOKMARK [0][-]{postulate.1.2}{}{part.1}% 38
\BOOKMARK [0][-]{postulate.1.3}{}{part.1}% 39
\BOOKMARK [0][-]{axiom.1.1}{}{part.1}% 40
\BOOKMARK [0][-]{axiom.1.2}{}{part.1}% 41
\BOOKMARK [0][-]{axiom.1.3}{}{part.1}% 42
\BOOKMARK [0][-]{axiom.1.4}{}{part.1}% 43
\BOOKMARK [0][-]{axiom.1.5}{}{part.1}% 44
\BOOKMARK [0][-]{axiom.1.6}{}{part.1}% 45
\BOOKMARK [0][-]{axiom.1.7}{}{part.1}% 46
\BOOKMARK [0][-]{axiom.1.8}{}{part.1}% 47
\BOOKMARK [0][-]{axiom.1.9}{}{part.1}% 48
\BOOKMARK [0][-]{axiom.1.10}{}{part.1}% 49
\BOOKMARK [0][-]{axiom.1.11}{}{part.1}% 50
\BOOKMARK [0][-]{axiom.1.12}{}{part.1}% 51
\BOOKMARK [0][-]{proposition.1.1}{\376\377\000P\000r\000o\000p\000.\000\040\000I\000.\000\040\000P\000r\000o\000b\000.}{part.1}% 52
\BOOKMARK [0][-]{proposition.1.2}{\376\377\000P\000r\000o\000p\000.\000\040\000I\000I\000.\000\040\000P\000r\000o\000b\000.}{part.1}% 53
\BOOKMARK [0][-]{proposition.1.3}{\376\377\000P\000r\000o\000p\000.\000\040\000I\000I\000I\000.\000\040\000P\000r\000o\000b\000.}{part.1}% 54
\BOOKMARK [0][-]{proposition.1.4}{\376\377\000P\000r\000o\000p\000.\000\040\000I\000V\000.\000\040\000T\000h\000e\000o\000r\000.}{part.1}% 55
\BOOKMARK [0][-]{proposition.1.5}{\376\377\000P\000r\000o\000p\000.\000\040\000V\000.\000\040\000T\000h\000e\000o\000r\000.}{part.1}% 56
\BOOKMARK [0][-]{proposition.1.6}{\376\377\000P\000r\000o\000p\000\040\000V\000I\000.\000\040\000T\000h\000e\000o\000r\000.}{part.1}% 57
\BOOKMARK [0][-]{proposition.1.7}{\376\377\000P\000r\000o\000p\000\040\000V\000I\000I\000.\000\040\000T\000h\000e\000o\000r\000.}{part.1}% 58
\BOOKMARK [0][-]{proposition.1.8}{\376\377\000P\000r\000o\000p\000\040\000V\000I\000I\000I\000.\000\040\000T\000h\000e\000o\000r\000.}{part.1}% 59
\BOOKMARK [0][-]{proposition.1.9}{\376\377\000P\000r\000o\000p\000\040\000I\000X\000.\000\040\000P\000r\000o\000b\000.}{part.1}% 60
\BOOKMARK [0][-]{proposition.1.10}{\376\377\000P\000r\000o\000p\000\040\000X\000.\000\040\000P\000r\000o\000b\000.}{part.1}% 61
\BOOKMARK [0][-]{proposition.1.11}{\376\377\000P\000r\000o\000p\000\040\000X\000I\000.\000\040\000P\000r\000o\000b\000.}{part.1}% 62
\BOOKMARK [0][-]{proposition.1.12}{\376\377\000P\000r\000o\000p\000\040\000X\000I\000I\000.\000\040\000P\000r\000o\000b\000.}{part.1}% 63
\BOOKMARK [0][-]{proposition.1.13}{\376\377\000P\000r\000o\000p\000\040\000X\000I\000I\000I\000.\000\040\000T\000h\000e\000o\000r\000.}{part.1}% 64
\BOOKMARK [0][-]{proposition.1.14}{\376\377\000P\000r\000o\000p\000\040\000X\000I\000V\000.\000\040\000T\000h\000e\000o\000r\000.}{part.1}% 65
\BOOKMARK [0][-]{proposition.1.15}{\376\377\000P\000r\000o\000p\000\040\000X\000V\000.\000\040\000T\000h\000e\000o\000r\000.}{part.1}% 66
\BOOKMARK [0][-]{proposition.1.16}{\376\377\000P\000r\000o\000p\000\040\000X\000V\000I\000.\000\040\000T\000h\000e\000o\000r\000.}{part.1}% 67
\BOOKMARK [0][-]{proposition.1.17}{\376\377\000P\000r\000o\000p\000\040\000X\000V\000I\000I\000.\000\040\000T\000h\000e\000o\000r\000.}{part.1}% 68
\BOOKMARK [0][-]{proposition.1.18}{\376\377\000P\000r\000o\000p\000\040\000X\000V\000I\000I\000I\000.\000\040\000T\000h\000e\000o\000r\000.}{part.1}% 69
\BOOKMARK [0][-]{proposition.1.19}{\376\377\000P\000r\000o\000p\000\040\000X\000I\000X\000.\000\040\000T\000h\000e\000o\000r\000.}{part.1}% 70
\BOOKMARK [0][-]{proposition.1.20}{\376\377\000P\000r\000o\000p\000\040\000X\000X\000.\000\040\000T\000h\000e\000o\000r\000.}{part.1}% 71
\BOOKMARK [0][-]{proposition.1.21}{\376\377\000P\000r\000o\000p\000\040\000X\000X\000I\000.\000\040\000T\000h\000e\000o\000r\000.}{part.1}% 72
\BOOKMARK [0][-]{proposition.1.22}{\376\377\000P\000r\000o\000p\000\040\000X\000X\000I\000I\000.\000\040\000P\000r\000o\000b\000.}{part.1}% 73
\BOOKMARK [0][-]{proposition.1.23}{\376\377\000P\000r\000o\000p\000\040\000X\000X\000I\000I\000I\000.\000\040\000P\000r\000o\000b\000.}{part.1}% 74
\BOOKMARK [0][-]{proposition.1.24}{\376\377\000P\000r\000o\000p\000\040\000X\000X\000I\000V\000.\000\040\000T\000h\000e\000o\000r\000.}{part.1}% 75
\BOOKMARK [0][-]{proposition.1.25}{\376\377\000P\000r\000o\000p\000\040\000X\000X\000V\000.\000\040\000T\000h\000e\000o\000r\000.}{part.1}% 76
\BOOKMARK [0][-]{proposition.1.26}{\376\377\000P\000r\000o\000p\000\040\000X\000X\000V\000I\000.\000\040\000T\000h\000e\000o\000r\000.}{part.1}% 77
\BOOKMARK [0][-]{subproposition.1.26.1}{\376\377\000C\000a\000s\000e\000\040\000I\000.}{part.1}% 78
\BOOKMARK [0][-]{subproposition.1.26.2}{\376\377\000C\000a\000s\000e\000\040\000I\000I\000.}{part.1}% 79
\BOOKMARK [0][-]{proposition.1.27}{\376\377\000P\000r\000o\000p\000\040\000X\000X\000V\000I\000I\000.\000\040\000T\000h\000e\000o\000r\000.}{part.1}% 80
\BOOKMARK [0][-]{proposition.1.28}{\376\377\000P\000r\000o\000p\000\040\000X\000X\000V\000I\000I\000I\000.\000\040\000T\000h\000e\000o\000r\000.}{part.1}% 81
\BOOKMARK [0][-]{proposition.1.29}{\376\377\000P\000r\000o\000p\000\040\000X\000X\000I\000X\000.\000\040\000T\000h\000e\000o\000r\000.}{part.1}% 82
\BOOKMARK [0][-]{proposition.1.30}{\376\377\000P\000r\000o\000p\000\040\000X\000X\000X\000.\000\040\000T\000h\000e\000o\000r\000.}{part.1}% 83
\BOOKMARK [0][-]{proposition.1.31}{\376\377\000P\000r\000o\000p\000\040\000X\000X\000X\000I\000.\000\040\000P\000r\000o\000b\000.}{part.1}% 84
\BOOKMARK [0][-]{proposition.1.32}{\376\377\000P\000r\000o\000p\000\040\000X\000X\000X\000I\000I\000.\000\040\000T\000h\000e\000o\000r\000.}{part.1}% 85
\BOOKMARK [0][-]{proposition.1.33}{\376\377\000P\000r\000o\000p\000\040\000X\000X\000X\000I\000I\000I\000.\000\040\000T\000h\000e\000o\000r\000.}{part.1}% 86
\BOOKMARK [0][-]{proposition.1.34}{\376\377\000P\000r\000o\000p\000\040\000X\000X\000X\000I\000V\000.\000\040\000T\000h\000e\000o\000r\000.}{part.1}% 87
\BOOKMARK [0][-]{proposition.1.35}{\376\377\000P\000r\000o\000p\000\040\000X\000X\000X\000V\000.\000\040\000T\000h\000e\000o\000r\000.}{part.1}% 88
\BOOKMARK [0][-]{proposition.1.36}{\376\377\000P\000r\000o\000p\000\040\000X\000X\000X\000V\000I\000.\000\040\000T\000h\000e\000o\000r\000.}{part.1}% 89
\BOOKMARK [0][-]{proposition.1.37}{\376\377\000P\000r\000o\000p\000\040\000X\000X\000X\000V\000I\000I\000.\000\040\000T\000h\000e\000o\000r\000.}{part.1}% 90
\BOOKMARK [0][-]{proposition.1.38}{\376\377\000P\000r\000o\000p\000\040\000X\000X\000X\000V\000I\000I\000I\000.\000\040\000T\000h\000e\000o\000r\000.}{part.1}% 91
\BOOKMARK [0][-]{proposition.1.39}{\376\377\000P\000r\000o\000p\000\040\000X\000X\000X\000I\000X\000.\000\040\000T\000h\000e\000o\000r\000.}{part.1}% 92
\BOOKMARK [0][-]{proposition.1.40}{\376\377\000P\000r\000o\000p\000\040\000X\000L\000.\000\040\000T\000h\000e\000o\000r\000.}{part.1}% 93
\BOOKMARK [0][-]{proposition.1.41}{\376\377\000P\000r\000o\000p\000\040\000X\000L\000I\000.\000\040\000T\000h\000e\000o\000r\000.}{part.1}% 94
\BOOKMARK [0][-]{proposition.1.42}{\376\377\000P\000r\000o\000p\000\040\000X\000L\000I\000I\000.\000\040\000P\000r\000o\000b\000.}{part.1}% 95
\BOOKMARK [0][-]{proposition.1.43}{\376\377\000P\000r\000o\000p\000\040\000X\000L\000I\000I\000I\000.\000\040\000T\000h\000e\000o\000r\000.}{part.1}% 96
\BOOKMARK [0][-]{proposition.1.44}{\376\377\000P\000r\000o\000p\000\040\000X\000L\000I\000V\000.\000\040\000P\000r\000o\000b\000.}{part.1}% 97
\BOOKMARK [0][-]{proposition.1.45}{\376\377\000P\000r\000o\000p\000\040\000X\000L\000V\000.\000\040\000P\000r\000o\000b\000.}{part.1}% 98
\BOOKMARK [0][-]{proposition.1.46}{\376\377\000P\000r\000o\000p\000\040\000X\000L\000V\000I\000.\000\040\000P\000r\000o\000b\000.}{part.1}% 99
\BOOKMARK [0][-]{proposition.1.47}{\376\377\000P\000r\000o\000p\000\040\000X\000L\000V\000I\000I\000.\000\040\000T\000h\000e\000o\000r\000.}{part.1}% 100
\BOOKMARK [0][-]{proposition.1.48}{\376\377\000P\000r\000o\000p\000\040\000X\000L\000V\000I\000I\000I\000.\000\040\000T\000h\000e\000o\000r\000.}{part.1}% 101
\BOOKMARK [-1][-]{part.2}{\376\377\000I\000I\000\040\000B\000o\000o\000k\000\040\000I\000I}{}% 102
\BOOKMARK [0][-]{definition.2.1}{\376\377\000D\000e\000f\000i\000n\000i\000t\000i\000o\000n\000\040\000I}{part.2}% 103
\BOOKMARK [0][-]{definition.2.2}{\376\377\000D\000e\000f\000i\000n\000i\000t\000i\000o\000n\000\040\000I\000I}{part.2}% 104
\BOOKMARK [0][-]{proposition.2.1}{\376\377\000P\000r\000o\000p\000.\000\040\000I\000.\000\040\000t\000h\000e\000o\000r\000.}{part.2}% 105
\BOOKMARK [0][-]{proposition.2.2}{\376\377\000P\000r\000o\000p\000.\000\040\000I\000I\000.\000\040\000t\000h\000e\000o\000r\000.}{part.2}% 106
\BOOKMARK [0][-]{proposition.2.3}{\376\377\000P\000r\000o\000p\000.\000\040\000I\000I\000I\000.\000\040\000t\000h\000e\000o\000r\000.}{part.2}% 107
\BOOKMARK [0][-]{proposition.2.4}{\376\377\000P\000r\000o\000p\000.\000\040\000I\000V\000.\000\040\000t\000h\000e\000o\000r\000.}{part.2}% 108
\BOOKMARK [0][-]{proposition.2.5}{\376\377\000P\000r\000o\000p\000.\000\040\000V\000.\000\040\000t\000h\000e\000o\000r\000.}{part.2}% 109
\BOOKMARK [0][-]{proposition.2.6}{\376\377\000P\000r\000o\000p\000.\000\040\000V\000I\000.\000\040\000t\000h\000e\000o\000r\000.}{part.2}% 110
\BOOKMARK [0][-]{proposition.2.7}{\376\377\000P\000r\000o\000p\000.\000\040\000V\000I\000I\000.\000\040\000t\000h\000e\000o\000r\000.}{part.2}% 111
\BOOKMARK [0][-]{proposition.2.8}{\376\377\000P\000r\000o\000p\000.\000\040\000V\000I\000I\000I\000.\000\040\000t\000h\000e\000o\000r\000.}{part.2}% 112
\BOOKMARK [0][-]{proposition.2.9}{\376\377\000P\000r\000o\000p\000.\000\040\000I\000X\000.\000\040\000t\000h\000e\000o\000r\000.}{part.2}% 113
\BOOKMARK [0][-]{proposition.2.10}{\376\377\000P\000r\000o\000p\000.\000\040\000X\000.\000\040\000t\000h\000e\000o\000r\000.}{part.2}% 114
\BOOKMARK [0][-]{proposition.2.11}{\376\377\000P\000r\000o\000p\000.\000\040\000X\000I\000.\000\040\000p\000r\000o\000b\000.}{part.2}% 115
\BOOKMARK [0][-]{proposition.2.12}{\376\377\000P\000r\000o\000p\000.\000\040\000X\000I\000I\000.\000\040\000t\000h\000e\000o\000r\000.}{part.2}% 116
\BOOKMARK [0][-]{proposition.2.13}{\376\377\000P\000r\000o\000p\000.\000\040\000X\000I\000I\000I\000.\000\040\000t\000h\000e\000o\000r\000.}{part.2}% 117
\BOOKMARK [0][-]{proposition.2.14}{\376\377\000P\000r\000o\000p\000.\000\040\000X\000I\000V\000.\000\040\000p\000r\000o\000b\000.}{part.2}% 118
\BOOKMARK [-1][-]{part.3}{\376\377\000I\000I\000I\000\040\000B\000o\000o\000k\000\040\000I\000I\000I}{}% 119
\BOOKMARK [0][-]{definition.3.1}{}{part.3}% 120
\BOOKMARK [0][-]{definition.3.2}{}{part.3}% 121
\BOOKMARK [0][-]{definition.3.3}{}{part.3}% 122
\BOOKMARK [0][-]{definition.3.4}{}{part.3}% 123
\BOOKMARK [0][-]{definition.3.5}{}{part.3}% 124
\BOOKMARK [0][-]{definition.3.6}{}{part.3}% 125
\BOOKMARK [0][-]{definition.3.7}{}{part.3}% 126
\BOOKMARK [0][-]{definition.3.8}{}{part.3}% 127
\BOOKMARK [0][-]{definition.3.9}{}{part.3}% 128
\BOOKMARK [0][-]{definition.3.10}{}{part.3}% 129
\BOOKMARK [0][-]{definition.3.11}{}{part.3}% 130
\BOOKMARK [0][-]{definition.3.12}{}{part.3}% 131
\BOOKMARK [0][-]{proposition.3.1}{\376\377\000P\000r\000o\000p\000.\000\040\000I\000.\000\040\000p\000r\000o\000b\000.}{part.3}% 132
\BOOKMARK [0][-]{proposition.3.2}{\376\377\000P\000r\000o\000p\000.\000\040\000I\000I\000.\000\040\000t\000h\000e\000o\000r\000.}{part.3}% 133
\BOOKMARK [0][-]{proposition.3.3}{\376\377\000P\000r\000o\000p\000.\000\040\000I\000I\000I\000.\000\040\000t\000h\000e\000o\000r\000.}{part.3}% 134
\BOOKMARK [0][-]{proposition.3.4}{\376\377\000P\000r\000o\000p\000.\000\040\000I\000V\000.\000\040\000t\000h\000e\000o\000r\000.}{part.3}% 135
\BOOKMARK [0][-]{proposition.3.5}{\376\377\000P\000r\000o\000p\000.\000\040\000V\000.\000\040\000t\000h\000e\000o\000r\000.}{part.3}% 136
\BOOKMARK [0][-]{proposition.3.6}{\376\377\000P\000r\000o\000p\000.\000\040\000V\000I\000.\000\040\000t\000h\000e\000o\000r\000.}{part.3}% 137
\BOOKMARK [0][-]{proposition.3.7}{\376\377\000P\000r\000o\000p\000.\000\040\000V\000I\000I\000.\000\040\000t\000h\000e\000o\000r\000.}{part.3}% 138
\BOOKMARK [0][-]{subproposition.3.7.1}{\376\377\000F\000i\000g\000u\000r\000e\000\040\000I\000.}{part.3}% 139
\BOOKMARK [0][-]{subproposition.3.7.2}{\376\377\000F\000i\000g\000u\000r\000e\000\040\000I\000I\000.}{part.3}% 140
\BOOKMARK [0][-]{proposition.3.8}{\376\377\000P\000r\000o\000p\000.\000\040\000V\000I\000I\000I\000.\000\040\000t\000h\000e\000o\000r\000.}{part.3}% 141
\BOOKMARK [0][-]{subproposition.3.8.1}{\376\377\000I\000.}{part.3}% 142
\BOOKMARK [0][-]{subproposition.3.8.2}{\376\377\000I\000I\000.}{part.3}% 143
\BOOKMARK [0][-]{subproposition.3.8.3}{\376\377\000I\000I\000I\000.}{part.3}% 144
\BOOKMARK [0][-]{proposition.3.9}{\376\377\000P\000r\000o\000p\000.\000\040\000I\000X\000.\000\040\000t\000h\000e\000o\000r\000.}{part.3}% 145
\BOOKMARK [0][-]{proposition.3.10}{\376\377\000P\000r\000o\000p\000.\000\040\000X\000.\000\040\000t\000h\000e\000o\000r\000.}{part.3}% 146
\BOOKMARK [0][-]{proposition.3.11}{\376\377\000P\000r\000o\000p\000.\000\040\000X\000I\000.\000\040\000t\000h\000e\000o\000r\000.}{part.3}% 147
\BOOKMARK [0][-]{proposition.3.12}{\376\377\000P\000r\000o\000p\000.\000\040\000X\000I\000I\000.\000\040\000t\000h\000e\000o\000r\000.}{part.3}% 148
\BOOKMARK [0][-]{proposition.3.13}{\376\377\000P\000r\000o\000p\000.\000\040\000X\000I\000I\000I\000.\000\040\000t\000h\000e\000o\000r\000.}{part.3}% 149
\BOOKMARK [0][-]{subproposition.3.13.1}{\376\377\000F\000i\000g\000u\000r\000e\000\040\000I\000.}{part.3}% 150
\BOOKMARK [0][-]{subproposition.3.13.2}{\376\377\000F\000i\000g\000u\000r\000e\000\040\000I\000I\000.}{part.3}% 151
\BOOKMARK [0][-]{subproposition.3.13.3}{\376\377\000F\000i\000g\000u\000r\000e\000\040\000I\000I\000I\000.}{part.3}% 152
\BOOKMARK [0][-]{proposition.3.14}{\376\377\000P\000r\000o\000p\000.\000\040\000X\000I\000V\000.\000\040\000t\000h\000e\000o\000r\000.}{part.3}% 153
\BOOKMARK [0][-]{proposition.3.15}{\376\377\000P\000r\000o\000p\000.\000\040\000X\000V\000.\000\040\000t\000h\000e\000o\000r\000.}{part.3}% 154
\BOOKMARK [0][-]{subproposition.3.15.1}{\376\377\000F\000i\000g\000u\000r\000e\000\040\000I\000.}{part.3}% 155
\BOOKMARK [0][-]{subproposition.3.15.2}{\376\377\000F\000i\000g\000u\000r\000e\000\040\000I\000I\000.}{part.3}% 156
\BOOKMARK [0][-]{proposition.3.16}{\376\377\000P\000r\000o\000p\000.\000\040\000X\000V\000I\000.\000\040\000t\000h\000e\000o\000r\000.}{part.3}% 157
\BOOKMARK [0][-]{subproposition.3.16.1}{\376\377\000P\000a\000r\000t\000\040\000I\000.}{part.3}% 158
\BOOKMARK [0][-]{subproposition.3.16.2}{\376\377\000P\000a\000r\000t\000\040\000I\000I\000.}{part.3}% 159
\BOOKMARK [0][-]{proposition.3.17}{\376\377\000P\000r\000o\000p\000.\000\040\000X\000V\000I\000I\000.\000\040\000p\000r\000o\000b\000.}{part.3}% 160
\BOOKMARK [0][-]{proposition.3.18}{\376\377\000P\000r\000o\000p\000.\000\040\000X\000V\000I\000I\000I\000.\000\040\000t\000h\000e\000o\000r\000.}{part.3}% 161
\BOOKMARK [0][-]{proposition.3.19}{\376\377\000P\000r\000o\000p\000.\000\040\000X\000I\000X\000.\000\040\000t\000h\000e\000o\000r\000.}{part.3}% 162
\BOOKMARK [0][-]{proposition.3.20}{\376\377\000P\000r\000o\000p\000.\000\040\000X\000X\000.\000\040\000t\000h\000e\000o\000r\000.}{part.3}% 163
\BOOKMARK [0][-]{subproposition.3.20.1}{\376\377\000F\000i\000g\000u\000r\000e\000\040\000I\000.}{part.3}% 164
\BOOKMARK [0][-]{subproposition.3.20.2}{\376\377\000F\000i\000g\000u\000r\000e\000\040\000I\000I\000.}{part.3}% 165
\BOOKMARK [0][-]{subproposition.3.20.3}{\376\377\000F\000i\000g\000u\000r\000e\000\040\000I\000I\000I\000.}{part.3}% 166
\BOOKMARK [0][-]{proposition.3.21}{\376\377\000P\000r\000o\000p\000.\000\040\000X\000X\000I\000.\000\040\000t\000h\000e\000o\000r\000.}{part.3}% 167
\BOOKMARK [0][-]{subproposition.3.21.1}{\376\377\000F\000i\000g\000u\000r\000e\000\040\000I\000.}{part.3}% 168
\BOOKMARK [0][-]{subproposition.3.21.2}{\376\377\000F\000i\000g\000u\000r\000e\000\040\000I\000I\000.}{part.3}% 169
\BOOKMARK [0][-]{proposition.3.22}{\376\377\000P\000r\000o\000p\000.\000\040\000X\000X\000I\000I\000.\000\040\000t\000h\000e\000o\000r\000.}{part.3}% 170
\BOOKMARK [0][-]{proposition.3.23}{\376\377\000P\000r\000o\000p\000.\000\040\000X\000X\000I\000I\000I\000.\000\040\000t\000h\000e\000o\000r\000.}{part.3}% 171
\BOOKMARK [0][-]{proposition.3.24}{\376\377\000P\000r\000o\000p\000.\000\040\000X\000X\000I\000V\000.\000\040\000t\000h\000e\000o\000r\000.}{part.3}% 172
\BOOKMARK [0][-]{proposition.3.25}{\376\377\000P\000r\000o\000p\000.\000\040\000X\000X\000V\000.\000\040\000p\000r\000o\000b\000.}{part.3}% 173
\BOOKMARK [0][-]{proposition.3.26}{\376\377\000P\000r\000o\000p\000.\000\040\000X\000X\000V\000I\000.\000\040\000t\000h\000e\000o\000r\000.}{part.3}% 174
\BOOKMARK [0][-]{proposition.3.27}{\376\377\000P\000r\000o\000p\000.\000\040\000X\000X\000V\000I\000I\000.\000\040\000t\000h\000e\000o\000r\000.}{part.3}% 175
\BOOKMARK [0][-]{proposition.3.28}{\376\377\000P\000r\000o\000p\000.\000\040\000X\000X\000V\000I\000I\000I\000.\000\040\000t\000h\000e\000o\000r\000.}{part.3}% 176
\BOOKMARK [0][-]{proposition.3.29}{\376\377\000P\000r\000o\000p\000.\000\040\000X\000X\000I\000X\000.\000\040\000t\000h\000e\000o\000r\000.}{part.3}% 177
\BOOKMARK [0][-]{proposition.3.30}{\376\377\000P\000r\000o\000p\000.\000\040\000X\000X\000X\000.\000\040\000p\000r\000o\000b\000.}{part.3}% 178
\BOOKMARK [0][-]{proposition.3.31}{\376\377\000P\000r\000o\000p\000.\000\040\000X\000X\000X\000I\000.\000\040\000t\000h\000e\000o\000r\000.}{part.3}% 179
\BOOKMARK [0][-]{subproposition.3.31.1}{\376\377\000F\000i\000g\000u\000r\000e\000\040\000I\000.}{part.3}% 180
\BOOKMARK [0][-]{subproposition.3.31.2}{\376\377\000F\000i\000g\000u\000r\000e\000\040\000I\000I\000.}{part.3}% 181
\BOOKMARK [0][-]{subproposition.3.31.3}{\376\377\000F\000i\000g\000u\000r\000e\000\040\000I\000I\000I\000.}{part.3}% 182
\BOOKMARK [0][-]{proposition.3.32}{\376\377\000P\000r\000o\000p\000.\000\040\000X\000X\000X\000I\000I\000.\000\040\000t\000h\000e\000o\000r\000.}{part.3}% 183
\BOOKMARK [0][-]{proposition.3.33}{\376\377\000P\000r\000o\000p\000.\000\040\000X\000X\000X\000I\000I\000I\000.\000\040\000p\000r\000o\000b\000.}{part.3}% 184
\BOOKMARK [0][-]{proposition.3.34}{\376\377\000P\000r\000o\000p\000.\000\040\000X\000X\000X\000I\000V\000.\000\040\000p\000r\000o\000b\000.}{part.3}% 185
\BOOKMARK [0][-]{proposition.3.35}{\376\377\000P\000r\000o\000p\000.\000\040\000X\000X\000X\000V\000.\000\040\000t\000h\000e\000o\000r\000.}{part.3}% 186
\BOOKMARK [0][-]{subproposition.3.35.1}{\376\377\000F\000i\000g\000u\000r\000e\000\040\000I\000.}{part.3}% 187
\BOOKMARK [0][-]{subproposition.3.35.2}{\376\377\000F\000i\000g\000u\000r\000e\000\040\000I\000I\000.}{part.3}% 188
\BOOKMARK [0][-]{subproposition.3.35.3}{\376\377\000F\000i\000g\000u\000r\000e\000\040\000I\000I\000I\000.}{part.3}% 189
\BOOKMARK [0][-]{proposition.3.36}{\376\377\000P\000r\000o\000p\000.\000\040\000X\000X\000X\000V\000I\000.\000\040\000t\000h\000e\000o\000r\000.}{part.3}% 190
\BOOKMARK [0][-]{subproposition.3.36.1}{\376\377\000F\000i\000g\000u\000r\000e\000\040\000I\000.}{part.3}% 191
\BOOKMARK [0][-]{subproposition.3.36.2}{\376\377\000F\000i\000g\000u\000r\000e\000\040\000I\000I\000.}{part.3}% 192
\BOOKMARK [0][-]{proposition.3.37}{\376\377\000P\000r\000o\000p\000.\000\040\000X\000X\000X\000V\000I\000I\000.\000\040\000t\000h\000e\000o\000r\000.}{part.3}% 193
\BOOKMARK [-1][-]{part.4}{\376\377\000I\000V\000\040\000B\000o\000o\000k\000\040\000I\000V}{}% 194
\BOOKMARK [0][-]{definition.4.1}{}{part.4}% 195
\BOOKMARK [0][-]{definition.4.2}{}{part.4}% 196
\BOOKMARK [0][-]{definition.4.3}{}{part.4}% 197
\BOOKMARK [0][-]{definition.4.4}{}{part.4}% 198
\BOOKMARK [0][-]{definition.4.5}{}{part.4}% 199
\BOOKMARK [0][-]{definition.4.6}{}{part.4}% 200
\BOOKMARK [0][-]{definition.4.7}{}{part.4}% 201
\BOOKMARK [0][-]{proposition.4.1}{\376\377\000P\000r\000o\000p\000.\000\040\000I\000.\000\040\000p\000r\000o\000b\000.}{part.4}% 202
\BOOKMARK [0][-]{proposition.4.2}{\376\377\000P\000r\000o\000p\000.\000\040\000I\000I\000.\000\040\000p\000r\000o\000b\000.}{part.4}% 203
\BOOKMARK [0][-]{proposition.4.3}{\376\377\000P\000r\000o\000p\000.\000\040\000I\000I\000I\000.\000\040\000p\000r\000o\000b\000.}{part.4}% 204
\BOOKMARK [0][-]{proposition.4.4}{\376\377\000P\000r\000o\000p\000.\000\040\000I\000V\000.\000\040\000p\000r\000o\000b\000.}{part.4}% 205
\BOOKMARK [0][-]{proposition.4.5}{\376\377\000P\000r\000o\000p\000.\000\040\000V\000.\000\040\000p\000r\000o\000b\000.}{part.4}% 206
\BOOKMARK [0][-]{proposition.4.6}{\376\377\000P\000r\000o\000p\000.\000\040\000V\000I\000.\000\040\000p\000r\000o\000b\000.}{part.4}% 207
\BOOKMARK [0][-]{proposition.4.7}{\376\377\000P\000r\000o\000p\000.\000\040\000V\000I\000I\000.\000\040\000p\000r\000o\000b\000.}{part.4}% 208
\BOOKMARK [0][-]{proposition.4.8}{\376\377\000P\000r\000o\000p\000.\000\040\000V\000I\000I\000I\000.\000\040\000p\000r\000o\000b\000.}{part.4}% 209
\BOOKMARK [0][-]{proposition.4.9}{\376\377\000P\000r\000o\000p\000.\000\040\000I\000X\000.\000\040\000p\000r\000o\000b\000.}{part.4}% 210
\BOOKMARK [0][-]{proposition.4.10}{\376\377\000P\000r\000o\000p\000.\000\040\000X\000.\000\040\000p\000r\000o\000b\000.}{part.4}% 211
\BOOKMARK [0][-]{proposition.4.11}{\376\377\000P\000r\000o\000p\000.\000\040\000X\000I\000.\000\040\000p\000r\000o\000b\000.}{part.4}% 212
\BOOKMARK [0][-]{proposition.4.12}{\376\377\000P\000r\000o\000p\000.\000\040\000X\000I\000I\000.\000\040\000p\000r\000o\000b\000.}{part.4}% 213
\BOOKMARK [0][-]{proposition.4.13}{\376\377\000P\000r\000o\000p\000.\000\040\000X\000I\000I\000I\000.\000\040\000p\000r\000o\000b\000.}{part.4}% 214
\BOOKMARK [0][-]{proposition.4.14}{\376\377\000P\000r\000o\000p\000.\000\040\000X\000I\000V\000.\000\040\000p\000r\000o\000b\000.}{part.4}% 215
\BOOKMARK [0][-]{proposition.4.15}{\376\377\000P\000r\000o\000p\000.\000\040\000X\000V\000.\000\040\000p\000r\000o\000b\000.}{part.4}% 216
\BOOKMARK [0][-]{proposition.4.16}{\376\377\000P\000r\000o\000p\000.\000\040\000X\000V\000I\000.\000\040\000p\000r\000o\000b\000.}{part.4}% 217
\BOOKMARK [-1][-]{part.5}{\376\377\000V\000\040\000B\000o\000o\000k\000\040\000V}{}% 218
\BOOKMARK [0][-]{definition.5.1}{}{part.5}% 219
\BOOKMARK [0][-]{definition.5.2}{}{part.5}% 220
\BOOKMARK [0][-]{definition.5.3}{}{part.5}% 221
\BOOKMARK [0][-]{definition.5.4}{}{part.5}% 222
\BOOKMARK [0][-]{axiom.5.1}{}{part.5}% 223
\BOOKMARK [0][-]{axiom.5.2}{}{part.5}% 224
\BOOKMARK [0][-]{axiom.5.3}{}{part.5}% 225
\BOOKMARK [0][-]{proposition.5.1}{\376\377\000P\000r\000o\000p\000.\000\040\000I\000.\000\040\000T\000h\000e\000o\000r\000.}{part.5}% 226
\BOOKMARK [0][-]{proposition.5.2}{\376\377\000P\000r\000o\000p\000.\000\040\000I\000I\000.\000\040\000T\000h\000e\000o\000r\000.}{part.5}% 227
\BOOKMARK [0][-]{proposition.5.3}{\376\377\000P\000r\000o\000p\000.\000\040\000I\000I\000I\000.\000\040\000T\000h\000e\000o\000r\000.}{part.5}% 228
\BOOKMARK [0][-]{definition.5.5}{\376\377\000D\000e\000f\000i\000n\000i\000t\000i\000o\000n\000\040\000V\000.}{part.5}% 229
\BOOKMARK [0][-]{proposition.5.4}{\376\377\000P\000r\000o\000p\000.\000\040\000I\000V\000.\000\040\000T\000h\000e\000o\000r\000.}{part.5}% 230
\BOOKMARK [0][-]{proposition.5.5}{\376\377\000P\000r\000o\000p\000.\000\040\000V\000.\000\040\000T\000h\000e\000o\000r\000.}{part.5}% 231
\BOOKMARK [0][-]{proposition.5.6}{\376\377\000P\000r\000o\000p\000.\000\040\000V\000I\000.\000\040\000T\000h\000e\000o\000r\000.}{part.5}% 232
\BOOKMARK [0][-]{propositionAZ.5.1}{\376\377\000P\000r\000o\000p\000.\000\040\000A\000.\000\040\000T\000h\000e\000o\000r\000.}{part.5}% 233
\BOOKMARK [0][-]{definition.5.14}{\376\377\000D\000e\000f\000i\000n\000i\000t\000i\000o\000n\000\040\000X\000I\000V}{part.5}% 234
\BOOKMARK [0][-]{propositionAZ.5.2}{\376\377\000P\000r\000o\000p\000.\000\040\000B\000.\000\040\000T\000h\000e\000o\000r\000.}{part.5}% 235
\BOOKMARK [0][-]{propositionAZ.5.3}{\376\377\000P\000r\000o\000p\000.\000\040\000C\000.\000\040\000T\000h\000e\000o\000r\000.}{part.5}% 236
\BOOKMARK [0][-]{propositionAZ.5.4}{\376\377\000P\000r\000o\000p\000.\000\040\000D\000.\000\040\000T\000h\000e\000o\000r\000.}{part.5}% 237
\BOOKMARK [0][-]{proposition.5.7}{\376\377\000P\000r\000o\000p\000.\000\040\000V\000I\000I\000.\000\040\000T\000h\000e\000o\000r\000.}{part.5}% 238
\BOOKMARK [0][-]{definition.5.15}{\376\377\000D\000e\000f\000i\000n\000i\000t\000i\000o\000n\000\040\000V\000I\000I\000.}{part.5}% 239
\BOOKMARK [0][-]{proposition.5.8}{\376\377\000P\000r\000o\000p\000.\000\040\000V\000I\000I\000I\000.\000\040\000T\000h\000e\000o\000r\000.}{part.5}% 240
\BOOKMARK [0][-]{proposition.5.9}{\376\377\000P\000r\000o\000p\000.\000\040\000I\000X\000.\000\040\000T\000h\000e\000o\000r\000.}{part.5}% 241
\BOOKMARK [0][-]{proposition.5.10}{\376\377\000P\000r\000o\000p\000.\000\040\000X\000.\000\040\000T\000h\000e\000o\000r\000.}{part.5}% 242
\BOOKMARK [0][-]{proposition.5.11}{\376\377\000P\000r\000o\000p\000.\000\040\000X\000I\000.\000\040\000T\000h\000e\000o\000r\000.}{part.5}% 243
\BOOKMARK [0][-]{proposition.5.12}{\376\377\000P\000r\000o\000p\000.\000\040\000X\000I\000I\000.\000\040\000T\000h\000e\000o\000r\000.}{part.5}% 244
\BOOKMARK [0][-]{proposition.5.13}{\376\377\000P\000r\000o\000p\000.\000\040\000X\000I\000I\000I\000.\000\040\000T\000h\000e\000o\000r\000.}{part.5}% 245
\BOOKMARK [0][-]{proposition.5.14}{\376\377\000P\000r\000o\000p\000.\000\040\000X\000I\000V\000.\000\040\000T\000h\000e\000o\000r\000.}{part.5}% 246
\BOOKMARK [0][-]{proposition.5.15}{\376\377\000P\000r\000o\000p\000.\000\040\000X\000V\000.\000\040\000T\000h\000e\000o\000r\000.}{part.5}% 247
\BOOKMARK [0][-]{definition.5.8}{\376\377\000D\000e\000f\000i\000n\000i\000t\000i\000o\000n\000\040\000X\000I\000I\000I}{part.5}% 248
\BOOKMARK [0][-]{proposition.5.16}{\376\377\000P\000r\000o\000p\000.\000\040\000X\000V\000I\000.\000\040\000T\000h\000e\000o\000r\000.}{part.5}% 249
\BOOKMARK [0][-]{definition.5.16}{\376\377\000D\000e\000f\000i\000n\000i\000t\000i\000o\000n\000\040\000X\000V\000I}{part.5}% 250
\BOOKMARK [0][-]{proposition.5.17}{\376\377\000P\000r\000o\000p\000.\000\040\000X\000V\000I\000I\000.\000\040\000T\000h\000e\000o\000r\000.}{part.5}% 251
\BOOKMARK [0][-]{definition.5.15}{\376\377\000D\000e\000f\000i\000n\000i\000t\000i\000o\000n\000\040\000X\000V}{part.5}% 252
\BOOKMARK [0][-]{proposition.5.18}{\376\377\000P\000r\000o\000p\000.\000\040\000X\000V\000I\000I\000I\000.\000\040\000T\000h\000e\000o\000r\000.}{part.5}% 253
\BOOKMARK [0][-]{proposition.5.19}{\376\377\000P\000r\000o\000p\000.\000\040\000X\000I\000X\000.\000\040\000T\000h\000e\000o\000r\000.}{part.5}% 254
\BOOKMARK [0][-]{definition.5.17}{\376\377\000D\000e\000f\000i\000n\000i\000t\000i\000o\000n\000\040\000X\000V\000I\000I}{part.5}% 255
\BOOKMARK [0][-]{propositionAZ.5.5}{\376\377\000P\000r\000o\000p\000.\000\040\000E\000.\000\040\000T\000h\000e\000o\000r\000.}{part.5}% 256
\BOOKMARK [0][-]{definition.5.18}{\376\377\000D\000e\000f\000i\000n\000i\000t\000i\000o\000n\000\040\000X\000V\000I\000I\000I}{part.5}% 257
\BOOKMARK [0][-]{definition.5.19}{\376\377\000D\000e\000f\000i\000n\000i\000t\000i\000o\000n\000\040\000X\000I\000X}{part.5}% 258
\BOOKMARK [0][-]{definition.5.20}{\376\377\000D\000e\000f\000i\000n\000i\000t\000i\000o\000n\000\040\000X\000X}{part.5}% 259
\BOOKMARK [0][-]{proposition.5.20}{\376\377\000P\000r\000o\000p\000.\000\040\000X\000X\000.\000\040\000T\000h\000e\000o\000r\000.}{part.5}% 260
\BOOKMARK [0][-]{proposition.5.21}{\376\377\000P\000r\000o\000p\000.\000\040\000X\000X\000I\000.\000\040\000T\000h\000e\000o\000r\000.}{part.5}% 261
\BOOKMARK [0][-]{proposition.5.22}{\376\377\000P\000r\000o\000p\000.\000\040\000X\000X\000I\000I\000.\000\040\000T\000h\000e\000o\000r\000.}{part.5}% 262
\BOOKMARK [0][-]{proposition.5.23}{\376\377\000P\000r\000o\000p\000.\000\040\000X\000X\000I\000I\000I\000.\000\040\000T\000h\000e\000o\000r\000.}{part.5}% 263
\BOOKMARK [0][-]{proposition.5.24}{\376\377\000P\000r\000o\000p\000.\000\040\000X\000X\000I\000V\000.\000\040\000T\000h\000e\000o\000r\000.}{part.5}% 264
\BOOKMARK [0][-]{proposition.5.25}{\376\377\000P\000r\000o\000p\000.\000\040\000X\000X\000V\000.\000\040\000T\000h\000e\000o\000r\000.}{part.5}% 265
\BOOKMARK [0][-]{definition.5.10}{\376\377\000D\000e\000f\000i\000n\000i\000t\000i\000o\000n\000\040\000X}{part.5}% 266
\BOOKMARK [0][-]{definition.5.11}{\376\377\000D\000e\000f\000i\000n\000i\000t\000i\000o\000n\000\040\000X\000I}{part.5}% 267
\BOOKMARK [0][-]{definitionAZ.5.1}{\376\377\000D\000e\000f\000i\000n\000i\000t\000i\000o\000n\000\040\000A}{part.5}% 268
\BOOKMARK [0][-]{propositionAZ.5.6}{\376\377\000P\000r\000o\000p\000.\000\040\000F\000.\000\040\000T\000h\000e\000o\000r\000.}{part.5}% 269
\BOOKMARK [0][-]{propositionAZ.5.7}{\376\377\000P\000r\000o\000p\000.\000\040\000G\000.\000\040\000T\000h\000e\000o\000r\000.}{part.5}% 270
\BOOKMARK [0][-]{propositionAZ.5.8}{\376\377\000P\000r\000o\000p\000.\000\040\000H\000.\000\040\000T\000h\000e\000o\000r\000.}{part.5}% 271
\BOOKMARK [0][-]{propositionAZ.5.11}{\376\377\000P\000r\000o\000p\000.\000\040\000K\000.\000\040\000T\000h\000e\000o\000r\000.}{part.5}% 272
\BOOKMARK [-1][-]{part.6}{\376\377\000V\000I\000\040\000B\000o\000o\000k\000\040\000V\000I}{}% 273
\BOOKMARK [0][-]{definition.6.1}{}{part.6}% 274
\BOOKMARK [0][-]{definition.6.2}{}{part.6}% 275
\BOOKMARK [0][-]{definition.6.3}{}{part.6}% 276
\BOOKMARK [0][-]{definition.6.4}{}{part.6}% 277
\BOOKMARK [0][-]{proposition.6.1}{\376\377\000P\000r\000o\000p\000.\000\040\000I\000.\000\040\000t\000h\000e\000o\000r\000.}{part.6}% 278
\BOOKMARK [0][-]{proposition.6.2}{\376\377\000P\000r\000o\000p\000.\000\040\000I\000I\000.\000\040\000t\000h\000e\000o\000r\000.}{part.6}% 279
\BOOKMARK [0][-]{subproposition.6.2.1}{\376\377\000P\000a\000r\000t\000\040\000I\000.}{part.6}% 280
\BOOKMARK [0][-]{subproposition.6.2.2}{\376\377\000P\000a\000r\000t\000\040\000I\000I\000.}{part.6}% 281
\BOOKMARK [0][-]{proposition.6.3}{\376\377\000P\000r\000o\000p\000.\000\040\000I\000I\000I\000.\000\040\000t\000h\000e\000o\000r\000.}{part.6}% 282
\BOOKMARK [0][-]{subproposition.6.3.1}{\376\377\000P\000a\000r\000t\000\040\000I\000.}{part.6}% 283
\BOOKMARK [0][-]{subproposition.6.3.2}{\376\377\000P\000a\000r\000t\000\040\000I\000I\000.}{part.6}% 284
\BOOKMARK [0][-]{proposition.6.4}{\376\377\000P\000r\000o\000p\000.\000\040\000I\000V\000.\000\040\000t\000h\000e\000o\000r\000.}{part.6}% 285
\BOOKMARK [0][-]{proposition.6.5}{\376\377\000P\000r\000o\000p\000.\000\040\000V\000.\000\040\000t\000h\000e\000o\000r\000.}{part.6}% 286
\BOOKMARK [0][-]{proposition.6.6}{\376\377\000P\000r\000o\000p\000.\000\040\000V\000I\000.\000\040\000t\000h\000e\000o\000r\000.}{part.6}% 287
\BOOKMARK [0][-]{proposition.6.7}{\376\377\000P\000r\000o\000p\000.\000\040\000V\000I\000I\000.\000\040\000t\000h\000e\000o\000r\000.}{part.6}% 288
\BOOKMARK [0][-]{proposition.6.8}{\376\377\000P\000r\000o\000p\000.\000\040\000V\000I\000I\000I\000.\000\040\000t\000h\000e\000o\000r\000.}{part.6}% 289
\BOOKMARK [0][-]{proposition.6.9}{\376\377\000P\000r\000o\000p\000.\000\040\000I\000X\000.\000\040\000p\000r\000o\000b\000.}{part.6}% 290
\BOOKMARK [0][-]{proposition.6.10}{\376\377\000P\000r\000o\000p\000.\000\040\000X\000.\000\040\000p\000r\000o\000b\000.}{part.6}% 291
\BOOKMARK [0][-]{proposition.6.11}{\376\377\000P\000r\000o\000p\000.\000\040\000X\000I\000.\000\040\000p\000r\000o\000b\000.}{part.6}% 292
\BOOKMARK [0][-]{proposition.6.12}{\376\377\000P\000r\000o\000p\000.\000\040\000X\000I\000I\000.\000\040\000p\000r\000o\000b\000.}{part.6}% 293
\BOOKMARK [0][-]{proposition.6.13}{\376\377\000P\000r\000o\000p\000.\000\040\000X\000I\000I\000I\000.\000\040\000p\000r\000o\000b\000.}{part.6}% 294
\BOOKMARK [0][-]{proposition.6.14}{\376\377\000P\000r\000o\000p\000.\000\040\000X\000I\000V\000.\000\040\000t\000h\000e\000o\000r\000.}{part.6}% 295
\BOOKMARK [0][-]{proposition.6.15}{\376\377\000P\000r\000o\000p\000.\000\040\000X\000V\000.\000\040\000t\000h\000e\000o\000r\000.}{part.6}% 296
\BOOKMARK [0][-]{subproposition.6.15.1}{\376\377\000I\000.}{part.6}% 297
\BOOKMARK [0][-]{subproposition.6.15.2}{\376\377\000I\000I\000.}{part.6}% 298
\BOOKMARK [0][-]{proposition.6.16}{\376\377\000P\000r\000o\000p\000.\000\040\000X\000V\000I\000.\000\040\000t\000h\000e\000o\000r\000.}{part.6}% 299
\BOOKMARK [0][-]{subproposition.6.16.1}{\376\377\000P\000a\000r\000t\000\040\000I\000.}{part.6}% 300
\BOOKMARK [0][-]{subproposition.6.16.2}{\376\377\000P\000a\000r\000t\000\040\000I\000I\000.}{part.6}% 301
\BOOKMARK [0][-]{proposition.6.17}{\376\377\000P\000r\000o\000p\000.\000\040\000X\000V\000I\000I\000.\000\040\000t\000h\000e\000o\000r\000.}{part.6}% 302
\BOOKMARK [0][-]{subproposition.6.17.1}{\376\377\000P\000a\000r\000t\000\040\000I\000.}{part.6}% 303
\BOOKMARK [0][-]{subproposition.6.17.2}{\376\377\000P\000a\000r\000t\000\040\000I\000I\000.}{part.6}% 304
\BOOKMARK [0][-]{proposition.6.18}{\376\377\000P\000r\000o\000p\000.\000\040\000X\000V\000I\000I\000I\000.\000\040\000p\000r\000o\000b\000.}{part.6}% 305
\BOOKMARK [0][-]{proposition.6.19}{\376\377\000P\000r\000o\000p\000.\000\040\000X\000I\000X\000.\000\040\000t\000h\000e\000o\000r\000.}{part.6}% 306
\BOOKMARK [0][-]{proposition.6.20}{\376\377\000P\000r\000o\000p\000.\000\040\000X\000X\000.\000\040\000t\000h\000e\000o\000r\000.}{part.6}% 307
\BOOKMARK [0][-]{proposition.6.21}{\376\377\000P\000r\000o\000p\000.\000\040\000X\000X\000I\000.\000\040\000t\000h\000e\000o\000r\000.}{part.6}% 308
\BOOKMARK [0][-]{proposition.6.22}{\376\377\000P\000r\000o\000p\000.\000\040\000X\000X\000I\000I\000.\000\040\000t\000h\000e\000o\000r\000.}{part.6}% 309
\BOOKMARK [0][-]{subproposition.6.22.1}{\376\377\000P\000a\000r\000t\000\040\000I\000.}{part.6}% 310
\BOOKMARK [0][-]{subproposition.6.22.2}{\376\377\000P\000a\000r\000t\000\040\000I\000I\000.}{part.6}% 311
\BOOKMARK [0][-]{proposition.6.23}{\376\377\000P\000r\000o\000p\000.\000\040\000X\000X\000I\000I\000I\000.\000\040\000t\000h\000e\000o\000r\000.}{part.6}% 312
\BOOKMARK [0][-]{proposition.6.24}{\376\377\000P\000r\000o\000p\000.\000\040\000X\000X\000I\000V\000.\000\040\000t\000h\000e\000o\000r\000.}{part.6}% 313
\BOOKMARK [0][-]{proposition.6.25}{\376\377\000P\000r\000o\000p\000.\000\040\000X\000X\000V\000.\000\040\000p\000r\000o\000b\000.}{part.6}% 314
\BOOKMARK [0][-]{proposition.6.26}{\376\377\000P\000r\000o\000p\000.\000\040\000X\000X\000V\000I\000.\000\040\000t\000h\000e\000o\000r\000.}{part.6}% 315
\BOOKMARK [0][-]{proposition.6.27}{\376\377\000P\000r\000o\000p\000.\000\040\000X\000X\000V\000I\000I\000.\000\040\000t\000h\000e\000o\000r\000.}{part.6}% 316
\BOOKMARK [0][-]{proposition.6.28}{\376\377\000P\000r\000o\000p\000.\000\040\000X\000X\000V\000I\000I\000I\000.\000\040\000p\000r\000o\000b\000.}{part.6}% 317
\BOOKMARK [0][-]{proposition.6.29}{\376\377\000P\000r\000o\000p\000.\000\040\000X\000X\000I\000X\000.\000\040\000p\000r\000o\000b\000.}{part.6}% 318
\BOOKMARK [0][-]{proposition.6.30}{\376\377\000P\000r\000o\000p\000.\000\040\000X\000X\000X\000.\000\040\000p\000r\000o\000b\000.}{part.6}% 319
\BOOKMARK [0][-]{proposition.6.31}{\376\377\000P\000r\000o\000p\000.\000\040\000X\000X\000X\000I\000.\000\040\000t\000h\000e\000o\000r\000.}{part.6}% 320
\BOOKMARK [0][-]{proposition.6.32}{\376\377\000P\000r\000o\000p\000.\000\040\000X\000X\000X\000I\000I\000.\000\040\000t\000h\000e\000o\000r\000.}{part.6}% 321
\BOOKMARK [0][-]{proposition.6.33}{\376\377\000P\000r\000o\000p\000.\000\040\000X\000X\000X\000I\000I\000I\000.\000\040\000t\000h\000e\000o\000r\000.}{part.6}% 322
\BOOKMARK [0][-]{propositionAZ.6.1}{\376\377\000P\000r\000o\000p\000.\000\040\000A\000.\000\040\000t\000h\000e\000o\000r\000.}{part.6}% 323
\BOOKMARK [0][-]{propositionAZ.6.2}{\376\377\000P\000r\000o\000p\000.\000\040\000B\000.\000\040\000t\000h\000e\000o\000r\000.}{part.6}% 324
\BOOKMARK [0][-]{propositionAZ.6.3}{\376\377\000P\000r\000o\000p\000.\000\040\000C\000.\000\040\000t\000h\000e\000o\000r\000.}{part.6}% 325
\BOOKMARK [0][-]{propositionAZ.6.4}{\376\377\000P\000r\000o\000p\000.\000\040\000D\000.\000\040\000t\000h\000e\000o\000r\000.}{part.6}% 326
